<?xml version="1.0" encoding="utf-8"?><testsuites name="pytest tests"><testsuite name="pytest" errors="0" failures="0" skipped="1" tests="42" time="1.629" timestamp="2026-07-23T03:53:05.247155+00:00" hostname="agent-env-dd1ac827-a34e-4fef-a7c4-aede0a1d42ba"><testcase classname="tests.python_worker_tests.test_adapter_contracts" name="test_llama_contract" time="0.001" /><testcase classname="tests.python_worker_tests.test_adapter_contracts" name="test_mistral_contract" time="0.000" /><testcase classname="tests.python_worker_tests.test_adapter_contracts" name="test_qwen_contract" time="0.000" /><testcase classname="tests.python_worker_tests.test_adapter_contracts" name="test_gemma_contract" time="0.001" /><testcase classname="tests.python_worker_tests.test_adapter_contracts" name="test_gpt2_contract" time="0.000" /><testcase classname="tests.python_worker_tests.test_adapter_contracts" name="test_tiny_contract" time="0.000" /><testcase classname="tests.python_worker_tests.test_adapter_contracts" name="test_no_family_flags_container_itself_as_block" time="0.001" /><testcase classname="tests.python_worker_tests.test_adapter_contracts" name="test_projections_never_flagged_as_blocks" time="0.002" /><testcase classname="tests.python_worker_tests.test_bundle" name="test_pack_and_unpack_round_trip" time="0.527" /><testcase classname="tests.python_worker_tests.test_bundle" name="test_unpack_missing_required_raises" time="0.001" /><testcase classname="tests.python_worker_tests.test_bundle" name="test_readme_is_included" time="0.006" /><testcase classname="tests.python_worker_tests.test_dry_run_hooks" name="test_classify_llama_toy_returns_exactly_n_blocks" time="0.000" /><testcase classname="tests.python_worker_tests.test_dry_run_hooks" name="test_classify_gpt2_toy_uses_h_container" time="0.000" /><testcase classname="tests.python_worker_tests.test_dry_run_hooks" name="test_classify_finds_c_attn_and_c_proj" time="0.000" /><testcase classname="tests.python_worker_tests.test_dry_run_hooks" name="test_classify_tiny_matches_regression_test_shape" time="0.000" /><testcase classname="tests.python_worker_tests.test_dry_run_hooks" name="test_format_rows_includes_summary" time="0.000" /><testcase classname="tests.python_worker_tests.test_golden_capture" name="test_golden_hash_is_stable" time="0.000" /><testcase classname="tests.python_worker_tests.test_golden_capture" name="test_golden_survives_bundle_round_trip" time="0.006" /><testcase classname="tests.python_worker_tests.test_golden_capture" name="test_compare_reports_no_drift_for_identical_events" time="0.000" /><testcase classname="tests.python_worker_tests.test_golden_capture" name="test_compare_pinpoints_first_divergence" time="0.000" /><testcase classname="tests.python_worker_tests.test_golden_capture" name="test_kind_names_are_stable_across_jsonl" time="0.000" /><testcase classname="tests.python_worker_tests.test_hooks" name="test_infer_layer_index_from_hf_name" time="0.000" /><testcase classname="tests.python_worker_tests.test_hooks" name="test_is_attention_projection" time="0.000" /><testcase classname="tests.python_worker_tests.test_hooks" name="test_is_transformer_block_only_matches_block_itself" time="0.000" /><testcase classname="tests.python_worker_tests.test_hooks" name="test_hook_capture_emits_token_and_layer_events" time="0.020" /><testcase classname="tests.python_worker_tests.test_hooks" name="test_end_to_end_on_tiny_gpt2" time="0.000"><skipped type="pytest.skip" message="HF network access disabled.">/app/stackscope/tests/python_worker_tests/test_hooks.py:104: HF network access disabled.</skipped></testcase><testcase classname="tests.python_worker_tests.test_jsonl_export" name="test_write_and_read_round_trip" time="0.000" /><testcase classname="tests.python_worker_tests.test_jsonl_export" name="test_canonical_hash_is_stable_and_excludes_timestamps" time="0.000" /><testcase classname="tests.python_worker_tests.test_jsonl_export" name="test_canonical_hash_changes_when_kind_changes" time="0.000" /><testcase classname="tests.python_worker_tests.test_jsonl_export" name="test_canonical_hash_changes_when_layer_changes" time="0.000" /><testcase classname="tests.python_worker_tests.test_manifest" name="test_build_returns_all_required_fields" time="0.005" /><testcase classname="tests.python_worker_tests.test_manifest" name="test_round_trip_json" time="0.005" /><testcase classname="tests.python_worker_tests.test_manifest" name="test_env_snapshot_only_captures_relevant_keys" time="0.005" /><testcase classname="tests.python_worker_tests.test_markers" name="test_now_ns_is_monotonic" time="0.000" /><testcase classname="tests.python_worker_tests.test_markers" name="test_next_correlation_id_is_monotonic" time="0.000" /><testcase classname="tests.python_worker_tests.test_markers" name="test_range_marker_noop_if_no_profiler" time="0.001" /><testcase classname="tests.python_worker_tests.test_mcp_server" name="test_initialize_and_tools_list" time="0.006" /><testcase classname="tests.python_worker_tests.test_mcp_server" name="test_summary_tool_returns_counts_by_kind" time="0.006" /><testcase classname="tests.python_worker_tests.test_mcp_server" name="test_list_events_filters_by_kind_and_head" time="0.006" /><testcase classname="tests.python_worker_tests.test_mcp_server" name="test_classify_tool" time="0.006" /><testcase classname="tests.python_worker_tests.test_mcp_server" name="test_hash_tool_is_deterministic" time="0.006" /><testcase classname="tests.python_worker_tests.test_mcp_server" name="test_unknown_tool_returns_jsonrpc_error" time="0.005" /></testsuite></testsuites>