<?xml version="1.0" encoding="utf-8"?><testsuites name="pytest tests"><testsuite name="pytest" errors="0" failures="0" skipped="1" tests="8" time="0.991" timestamp="2026-07-23T03:18:11.888569+00:00" hostname="agent-env-dd1ac827-a34e-4fef-a7c4-aede0a1d42ba"><testcase classname="tests.python_worker_tests.test_hooks" name="test_infer_layer_index_from_hf_name" time="0.954" /><testcase classname="tests.python_worker_tests.test_hooks" name="test_is_attention_projection" time="0.000" /><testcase classname="tests.python_worker_tests.test_hooks" name="test_is_transformer_block_only_matches_block_itself" time="0.000" /><testcase classname="tests.python_worker_tests.test_hooks" name="test_hook_capture_emits_token_and_layer_events" time="0.021" /><testcase classname="tests.python_worker_tests.test_hooks" name="test_end_to_end_on_tiny_gpt2" time="0.000"><skipped type="pytest.skip" message="HF network access disabled.">/app/stackscope/tests/python_worker_tests/test_hooks.py:104: HF network access disabled.</skipped></testcase><testcase classname="tests.python_worker_tests.test_markers" name="test_now_ns_is_monotonic" time="0.000" /><testcase classname="tests.python_worker_tests.test_markers" name="test_next_correlation_id_is_monotonic" time="0.000" /><testcase classname="tests.python_worker_tests.test_markers" name="test_range_marker_noop_if_no_profiler" time="0.001" /></testsuite></testsuites>